***** Starting Annals Of Psychoceramics B Server at 2013-08-05 09:03:33 UTC UTC *******
checking subscription for ip address:  92.139.84.189
yay, a subscriber!
getting prospector session information
we have this prospector already in our local database
skip check with Prospect service and rely on local data...
***** Starting Annals Of Psychoceramics B Server at 2013-08-05 09:03:56 UTC UTC *******
checking subscription for ip address:  92.139.84.189
yay, a subscriber!
getting prospector session information
we have this prospector already in our local database
skip check with Prospect service and rely on local data...
***** Starting Annals Of Psychoceramics B Server at 2013-08-05 09:06:47 UTC UTC *******
checking subscription for ip address:  92.139.84.189
yay, a subscriber!
getting prospector session information
we have this prospector already in our local database
but it is time to do a periodic check with the Prospect License Registry...
get prospector profile from Prospect License Registry using publisher_token MdvA59fGn8ukykYlSxJL6g
***** Starting Annals Of Psychoceramics B Server at 2013-08-05 09:17:34 UTC UTC *******
checking subscription for ip address:  92.139.84.189
yay, a subscriber!
getting prospector session information
we have this prospector already in our local database
but it is time to do a periodic check with the Prospect License Registry...
get prospector profile from Prospect License Registry using publisher_token MdvA59fGn8ukykYlSxJL6g
***** Starting Annals Of Psychoceramics B Server at 2013-08-05 09:18:47 UTC UTC *******
checking subscription for ip address:  92.139.84.189
yay, a subscriber!
getting prospector session information
we have this prospector already in our local database
skip check with Prospect service and rely on local data...
***** Starting Annals Of Psychoceramics B Server at 2013-08-05 09:19:14 UTC UTC *******
checking subscription for ip address:  92.139.84.189
yay, a subscriber!
getting prospector session information
we have this prospector already in our local database
skip check with Prospect service and rely on local data...
***** Starting Annals Of Psychoceramics B Server at 2013-08-05 09:19:26 UTC UTC *******
checking subscription for ip address:  92.139.84.189
yay, a subscriber!
getting prospector session information
we have this prospector already in our local database
skip check with Prospect service and rely on local data...
***** Starting Annals Of Psychoceramics B Server at 2013-08-05 09:23:11 UTC UTC *******
checking subscription for ip address:  92.139.84.189
yay, a subscriber!
getting prospector session information
we have this prospector already in our local database
but it is time to do a periodic check with the Prospect License Registry...
get prospector profile from Prospect License Registry using publisher_token MdvA59fGn8ukykYlSxJL6g
***** Starting Annals Of Psychoceramics B Server at 2013-08-05 09:27:02 UTC UTC *******
checking subscription for ip address:  92.139.84.189
yay, a subscriber!
getting prospector session information
we have this prospector already in our local database
skip check with Prospect service and rely on local data...
***** Starting Annals Of Psychoceramics B Server at 2013-08-05 09:33:07 UTC UTC *******
checking subscription for ip address:  92.139.84.189
yay, a subscriber!
getting prospector session information
we have this prospector already in our local database
but it is time to do a periodic check with the Prospect License Registry...
get prospector profile from Prospect License Registry using publisher_token MdvA59fGn8ukykYlSxJL6g
***** Starting Annals Of Psychoceramics B Server at 2013-08-05 09:33:20 UTC UTC *******
checking subscription for ip address:  92.139.84.189
yay, a subscriber!
getting prospector session information
we have this prospector already in our local database
skip check with Prospect service and rely on local data...
***** Starting Annals Of Psychoceramics B Server at 2013-08-05 09:33:32 UTC UTC *******
checking subscription for ip address:  92.139.84.189
yay, a subscriber!
getting prospector session information
we have this prospector already in our local database
skip check with Prospect service and rely on local data...
***** Starting Annals Of Psychoceramics B Server at 2013-08-05 09:35:55 UTC UTC *******
checking subscription for ip address:  92.139.84.189
yay, a subscriber!
getting prospector session information
we have this prospector already in our local database
skip check with Prospect service and rely on local data...
***** Starting Annals Of Psychoceramics B Server at 2013-08-05 09:36:19 UTC UTC *******
***** Starting Annals Of Psychoceramics B Server at 2013-08-05 09:36:22 UTC UTC *******
***** Starting Annals Of Psychoceramics B Server at 2013-08-05 09:48:27 UTC UTC *******
***** Starting Annals Of Psychoceramics B Server at 2013-08-05 09:48:29 UTC UTC *******
***** Starting Annals Of Psychoceramics B Server at 2013-08-05 09:51:28 UTC UTC *******
***** Starting Annals Of Psychoceramics B Server at 2013-08-05 09:51:30 UTC UTC *******
***** Starting Annals Of Psychoceramics B Server at 2013-08-05 09:59:07 UTC UTC *******
***** Starting Annals Of Psychoceramics B Server at 2013-08-05 09:59:09 UTC UTC *******
***** Starting Annals Of Psychoceramics B Server at 2013-08-05 09:59:11 UTC UTC *******
***** Starting Annals Of Psychoceramics B Server at 2013-08-05 09:59:48 UTC UTC *******
***** Starting Annals Of Psychoceramics B Server at 2013-08-05 09:59:50 UTC UTC *******
***** Starting Annals Of Psychoceramics B Server at 2013-08-05 10:00:34 UTC UTC *******
***** Starting Annals Of Psychoceramics B Server at 2013-08-05 10:00:36 UTC UTC *******
***** Starting Annals Of Psychoceramics B Server at 2013-08-05 10:02:43 UTC UTC *******
***** Starting Annals Of Psychoceramics B Server at 2013-08-05 10:02:45 UTC UTC *******
***** Starting Annals Of Psychoceramics B Server at 2013-08-05 10:04:59 UTC UTC *******
***** Starting Annals Of Psychoceramics B Server at 2013-08-05 10:05:01 UTC UTC *******
***** Starting Annals Of Psychoceramics B Server at 2013-08-05 10:05:03 UTC UTC *******
***** Starting Annals Of Psychoceramics B Server at 2013-08-05 10:05:41 UTC UTC *******
***** Starting Annals Of Psychoceramics B Server at 2013-08-05 10:05:43 UTC UTC *******
***** Starting Annals Of Psychoceramics B Server at 2013-08-05 10:06:01 UTC UTC *******
***** Starting Annals Of Psychoceramics B Server at 2013-08-05 10:06:03 UTC UTC *******
***** Starting Annals Of Psychoceramics B Server at 2013-08-05 10:08:47 UTC UTC *******
***** Starting Annals Of Psychoceramics B Server at 2013-08-05 10:08:49 UTC UTC *******
***** Starting Annals Of Psychoceramics B Server at 2013-08-05 10:17:43 UTC UTC *******
***** Starting Annals Of Psychoceramics B Server at 2013-08-05 10:17:45 UTC UTC *******
***** Starting Annals Of Psychoceramics B Server at 2013-08-05 10:21:12 UTC UTC *******
***** Starting Annals Of Psychoceramics B Server at 2013-08-05 10:21:14 UTC UTC *******
***** Starting Annals Of Psychoceramics B Server at 2013-08-05 10:23:12 UTC UTC *******
***** Starting Annals Of Psychoceramics B Server at 2013-08-05 10:23:14 UTC UTC *******
***** Starting Annals Of Psychoceramics B Server at 2013-08-05 10:24:22 UTC UTC *******
checking subscription for ip address:  92.139.84.189
yay, a subscriber!
getting prospector session information
we have this prospector already in our local database
but it is time to do a periodic check with the Prospect License Registry...
get prospector profile from Prospect License Registry using publisher_token MdvA59fGn8ukykYlSxJL6g
***** Starting Annals Of Psychoceramics B Server at 2013-08-05 10:25:37 UTC UTC *******
***** Starting Annals Of Psychoceramics B Server at 2013-08-05 10:25:39 UTC UTC *******
***** Starting Annals Of Psychoceramics B Server at 2013-08-05 10:26:55 UTC UTC *******
***** Starting Annals Of Psychoceramics B Server at 2013-08-05 10:26:57 UTC UTC *******
***** Starting Annals Of Psychoceramics B Server at 2013-08-05 10:27:45 UTC UTC *******
***** Starting Annals Of Psychoceramics B Server at 2013-08-05 10:27:47 UTC UTC *******
***** Starting Annals Of Psychoceramics B Server at 2013-08-05 10:28:18 UTC UTC *******
***** Starting Annals Of Psychoceramics B Server at 2013-08-05 10:28:20 UTC UTC *******
***** Starting Annals Of Psychoceramics B Server at 2013-08-05 10:28:38 UTC UTC *******
checking subscription for ip address:  92.139.84.189
yay, a subscriber!
getting prospector session information
we have this prospector already in our local database
skip check with Prospect service and rely on local data...
***** Starting Annals Of Psychoceramics B Server at 2013-08-05 10:34:27 UTC UTC *******
***** Starting Annals Of Psychoceramics B Server at 2013-08-05 10:34:29 UTC UTC *******
***** Starting Annals Of Psychoceramics B Server at 2013-08-05 10:35:09 UTC UTC *******
***** Starting Annals Of Psychoceramics B Server at 2013-08-05 10:36:09 UTC UTC *******
***** Starting Annals Of Psychoceramics B Server at 2013-08-05 10:36:20 UTC UTC *******
***** Starting Annals Of Psychoceramics B Server at 2013-08-05 11:14:57 UTC UTC *******
***** Starting Annals Of Psychoceramics B Server at 2013-08-05 11:15:03 UTC UTC *******
checking subscription for ip address:  92.139.84.189
yay, a subscriber!
getting prospector session information
we have this prospector already in our local database
but it is time to do a periodic check with the Prospect License Registry...
get prospector profile from Prospect License Registry using publisher_token MdvA59fGn8ukykYlSxJL6g
***** Starting Annals Of Psychoceramics B Server at 2013-08-05 11:26:17 UTC UTC *******
***** Starting Annals Of Psychoceramics B Server at 2013-08-05 11:26:24 UTC UTC *******
checking subscription for ip address:  92.139.84.189
yay, a subscriber!
getting prospector session information
we have this prospector already in our local database
but it is time to do a periodic check with the Prospect License Registry...
get prospector profile from Prospect License Registry using publisher_token MdvA59fGn8ukykYlSxJL6g
***** Starting Annals Of Psychoceramics B Server at 2013-08-05 11:28:01 UTC UTC *******
checking subscription for ip address:  92.139.84.189
yay, a subscriber!
getting prospector session information
we have this prospector already in our local database
skip check with Prospect service and rely on local data...
***** Starting Annals Of Psychoceramics B Server at 2013-08-05 11:41:26 UTC UTC *******
***** Starting Annals Of Psychoceramics B Server at 2013-08-05 11:41:28 UTC UTC *******
***** Starting Tiny Open Access Journal Server at 2013-08-05 11:58:47 UTC UTC *******
***** Starting Tiny Open Access Journal Server at 2013-08-05 11:58:49 UTC UTC *******
***** Starting Tiny Open Access Journal Server at 2013-08-05 12:01:29 UTC UTC *******
getting prospector session information
we do not have this prospector in our local database, we need to check with Prospect License Registry
get prospector profile from Prospect License Registry using publisher_token 
***** Starting Annals Of Psychoceramics B Server at 2013-08-05 12:04:01 UTC UTC *******
checking subscription for ip address:  92.139.84.189
yay, a subscriber!
getting prospector session information
we have this prospector already in our local database
but it is time to do a periodic check with the Prospect License Registry...
get prospector profile from Prospect License Registry using publisher_token MdvA59fGn8ukykYlSxJL6g
***** Starting Annals Of Psychoceramics B Server at 2013-08-05 12:04:11 UTC UTC *******
checking subscription for ip address:  92.139.84.189
yay, a subscriber!
getting prospector session information
we have this prospector already in our local database
skip check with Prospect service and rely on local data...
***** Starting Annals Of Psychoceramics B Server at 2013-08-05 12:28:24 UTC UTC *******
***** Starting Annals Of Psychoceramics B Server at 2013-08-05 12:38:16 UTC UTC *******
***** Starting Annals Of Psychoceramics B Server at 2013-08-05 12:38:18 UTC UTC *******
***** Starting Annals Of Psychoceramics B Server at 2013-08-05 21:09:11 UTC UTC *******
***** Starting Annals Of Psychoceramics B Server at 2013-08-05 21:09:13 UTC UTC *******
***** Starting Annals Of Psychoceramics B Server at 2013-08-06 10:14:11 UTC UTC *******
***** Starting Annals Of Psychoceramics B Server at 2013-08-07 05:58:12 UTC UTC *******
***** Starting Annals Of Psychoceramics B Server at 2013-08-07 05:58:20 UTC UTC *******
checking subscription for ip address:  66.249.72.142
***** Starting Annals Of Psychoceramics B Server at 2013-08-07 16:40:50 UTC UTC *******
checking subscription for ip address:  66.249.72.142
***** Starting Annals Of Psychoceramics B Server at 2013-08-07 16:43:12 UTC UTC *******
***** Starting Annals Of Psychoceramics B Server at 2013-08-07 16:43:13 UTC UTC *******
***** Starting Annals Of Psychoceramics B Server at 2013-08-07 16:43:14 UTC UTC *******
***** Starting Annals Of Psychoceramics B Server at 2013-08-07 16:43:28 UTC UTC *******
***** Starting Annals Of Psychoceramics B Server at 2013-08-07 16:43:29 UTC UTC *******
***** Starting Annals Of Psychoceramics B Server at 2013-08-07 22:55:53 UTC UTC *******
***** Starting Annals Of Psychoceramics B Server at 2013-08-07 22:55:54 UTC UTC *******
checking subscription for ip address:  66.249.72.142
***** Starting Annals Of Psychoceramics B Server at 2013-08-08 04:59:23 UTC UTC *******
checking subscription for ip address:  66.249.72.142
***** Starting Annals Of Psychoceramics B Server at 2013-08-08 10:52:14 UTC UTC *******
***** Starting Annals Of Psychoceramics B Server at 2013-08-08 14:53:16 UTC UTC *******
***** Starting Annals Of Psychoceramics B Server at 2013-08-08 14:53:17 UTC UTC *******
***** Starting Annals Of Psychoceramics B Server at 2013-08-09 04:24:26 UTC UTC *******
***** Starting Annals Of Psychoceramics B Server at 2013-08-09 04:24:27 UTC UTC *******
***** Starting Annals Of Psychoceramics B Server at 2013-08-09 04:24:29 UTC UTC *******
***** Starting Annals Of Psychoceramics B Server at 2013-08-09 04:24:39 UTC UTC *******
***** Starting Annals Of Psychoceramics B Server at 2013-08-09 04:24:40 UTC UTC *******
***** Starting Annals Of Psychoceramics B Server at 2013-08-09 09:30:59 UTC UTC *******
***** Starting Annals Of Psychoceramics B Server at 2013-08-09 09:31:00 UTC UTC *******
***** Starting Annals Of Psychoceramics B Server at 2013-08-09 09:31:02 UTC UTC *******
***** Starting Annals Of Psychoceramics B Server at 2013-08-09 11:37:05 UTC UTC *******
***** Starting Annals Of Psychoceramics B Server at 2013-08-09 11:37:06 UTC UTC *******
checking subscription for ip address:  66.249.72.142
***** Starting Annals Of Psychoceramics B Server at 2013-08-09 17:06:31 UTC UTC *******
checking subscription for ip address:  66.249.72.142
***** Starting Annals Of Psychoceramics B Server at 2013-08-09 17:42:58 UTC UTC *******
***** Starting Annals Of Psychoceramics B Server at 2013-08-09 17:43:08 UTC UTC *******
***** Starting Annals Of Psychoceramics B Server at 2013-08-09 21:19:42 UTC UTC *******
***** Starting Annals Of Psychoceramics B Server at 2013-08-09 22:43:21 UTC UTC *******
checking subscription for ip address:  66.249.72.142
***** Starting Annals Of Psychoceramics B Server at 2013-08-10 04:32:24 UTC UTC *******
***** Starting Annals Of Psychoceramics B Server at 2013-08-10 04:32:25 UTC UTC *******
checking subscription for ip address:  66.249.72.142
***** Starting Annals Of Psychoceramics B Server at 2013-08-10 10:49:53 UTC UTC *******
***** Starting Annals Of Psychoceramics B Server at 2013-08-10 10:49:54 UTC UTC *******
checking subscription for ip address:  66.249.72.142
***** Starting Annals Of Psychoceramics B Server at 2013-08-11 07:37:35 UTC UTC *******
***** Starting Annals Of Psychoceramics B Server at 2013-08-11 07:37:36 UTC UTC *******
***** Starting Annals Of Psychoceramics B Server at 2013-08-11 13:24:04 UTC UTC *******
***** Starting Annals Of Psychoceramics B Server at 2013-08-11 13:24:50 UTC UTC *******
***** Starting Annals Of Psychoceramics B Server at 2013-08-11 16:17:53 UTC UTC *******
***** Starting Annals Of Psychoceramics B Server at 2013-08-11 16:17:55 UTC UTC *******
checking subscription for ip address:  66.249.75.142
***** Starting Annals Of Psychoceramics B Server at 2013-08-11 16:53:57 UTC UTC *******
***** Starting Annals Of Psychoceramics B Server at 2013-08-11 21:48:16 UTC UTC *******
***** Starting Annals Of Psychoceramics B Server at 2013-08-12 00:38:45 UTC UTC *******
***** Starting Annals Of Psychoceramics B Server at 2013-08-12 00:38:46 UTC UTC *******
checking subscription for ip address:  66.249.75.142
***** Starting Annals Of Psychoceramics B Server at 2013-08-12 01:08:27 UTC UTC *******
***** Starting Annals Of Psychoceramics B Server at 2013-08-12 08:29:13 UTC UTC *******
checking subscription for ip address:  66.249.75.142
***** Starting Annals Of Psychoceramics B Server at 2013-08-12 14:05:15 UTC UTC *******
***** Starting Annals Of Psychoceramics B Server at 2013-08-12 14:05:16 UTC UTC *******
checking subscription for ip address:  66.249.75.142
***** Starting Annals Of Psychoceramics B Server at 2013-08-12 21:15:38 UTC UTC *******
***** Starting Annals Of Psychoceramics B Server at 2013-08-12 21:33:31 UTC UTC *******
***** Starting Annals Of Psychoceramics B Server at 2013-08-13 03:47:00 UTC UTC *******
***** Starting Annals Of Psychoceramics B Server at 2013-08-13 04:00:53 UTC UTC *******
***** Starting Annals Of Psychoceramics B Server at 2013-08-13 15:12:49 UTC UTC *******
***** Starting Annals Of Psychoceramics B Server at 2013-08-13 15:12:50 UTC UTC *******
***** Starting Annals Of Psychoceramics B Server at 2013-08-13 15:12:51 UTC UTC *******
***** Starting Annals Of Psychoceramics B Server at 2013-08-13 15:12:58 UTC UTC *******
***** Starting Annals Of Psychoceramics B Server at 2013-08-13 15:12:59 UTC UTC *******
***** Starting Annals Of Psychoceramics B Server at 2013-08-13 17:22:54 UTC UTC *******
***** Starting Annals Of Psychoceramics B Server at 2013-08-13 19:19:41 UTC UTC *******
***** Starting Annals Of Psychoceramics B Server at 2013-08-13 19:19:42 UTC UTC *******
***** Starting Annals Of Psychoceramics B Server at 2013-08-14 00:40:19 UTC UTC *******
***** Starting Annals Of Psychoceramics B Server at 2013-08-14 02:55:34 UTC UTC *******
***** Starting Annals Of Psychoceramics B Server at 2013-08-14 02:55:35 UTC UTC *******
checking subscription for ip address:  66.249.72.142
***** Starting Annals Of Psychoceramics B Server at 2013-08-14 03:25:07 UTC UTC *******
***** Starting Annals Of Psychoceramics B Server at 2013-08-14 03:36:27 UTC UTC *******
***** Starting Annals Of Psychoceramics B Server at 2013-08-14 05:02:49 UTC UTC *******
***** Starting Annals Of Psychoceramics B Server at 2013-08-14 08:01:06 UTC UTC *******
***** Starting Annals Of Psychoceramics B Server at 2013-08-14 12:41:46 UTC UTC *******
***** Starting Annals Of Psychoceramics B Server at 2013-08-14 12:41:47 UTC UTC *******
checking subscription for ip address:  66.249.72.142
***** Starting Annals Of Psychoceramics B Server at 2013-08-14 17:20:54 UTC UTC *******
***** Starting Annals Of Psychoceramics B Server at 2013-08-14 17:20:55 UTC UTC *******
***** Starting Annals Of Psychoceramics B Server at 2013-08-14 20:05:57 UTC UTC *******
***** Starting Annals Of Psychoceramics B Server at 2013-08-14 20:05:58 UTC UTC *******
checking subscription for ip address:  66.249.75.142
***** Starting Annals Of Psychoceramics B Server at 2013-08-14 20:13:43 UTC UTC *******
checking subscription for ip address:  66.249.75.142
***** Starting Annals Of Psychoceramics B Server at 2013-08-15 02:03:15 UTC UTC *******
checking subscription for ip address:  66.249.75.142
***** Starting Annals Of Psychoceramics B Server at 2013-08-15 09:41:16 UTC UTC *******
***** Starting Annals Of Psychoceramics B Server at 2013-08-15 09:41:17 UTC UTC *******
***** Starting Annals Of Psychoceramics B Server at 2013-08-15 09:41:18 UTC UTC *******
***** Starting Annals Of Psychoceramics B Server at 2013-08-15 09:41:19 UTC UTC *******
***** Starting Annals Of Psychoceramics B Server at 2013-08-15 09:41:20 UTC UTC *******
***** Starting Annals Of Psychoceramics B Server at 2013-08-15 09:41:21 UTC UTC *******
***** Starting Annals Of Psychoceramics B Server at 2013-08-15 09:41:22 UTC UTC *******
***** Starting Annals Of Psychoceramics B Server at 2013-08-15 09:41:23 UTC UTC *******
***** Starting Annals Of Psychoceramics B Server at 2013-08-15 09:41:25 UTC UTC *******
***** Starting Annals Of Psychoceramics B Server at 2013-08-15 09:41:26 UTC UTC *******
***** Starting Annals Of Psychoceramics B Server at 2013-08-15 15:57:47 UTC UTC *******
***** Starting Annals Of Psychoceramics B Server at 2013-08-15 15:57:49 UTC UTC *******
***** Starting Annals Of Psychoceramics B Server at 2013-08-15 21:54:46 UTC UTC *******
***** Starting Annals Of Psychoceramics B Server at 2013-08-16 12:40:12 UTC UTC *******
***** Starting Annals Of Psychoceramics B Server at 2013-08-16 12:40:13 UTC UTC *******
checking subscription for ip address:  66.249.75.142
***** Starting Annals Of Psychoceramics B Server at 2013-08-16 20:43:20 UTC UTC *******
checking subscription for ip address:  66.249.75.142
***** Starting Annals Of Psychoceramics B Server at 2013-08-16 22:52:31 UTC UTC *******
***** Starting Annals Of Psychoceramics B Server at 2013-08-16 23:10:12 UTC UTC *******
checking subscription for ip address:  66.249.75.142
***** Starting Annals Of Psychoceramics B Server at 2013-08-17 05:18:44 UTC UTC *******
***** Starting Annals Of Psychoceramics B Server at 2013-08-17 05:18:45 UTC UTC *******
checking subscription for ip address:  66.249.75.142
***** Starting Annals Of Psychoceramics B Server at 2013-08-17 06:01:52 UTC UTC *******
***** Starting Annals Of Psychoceramics B Server at 2013-08-17 11:20:23 UTC UTC *******
checking subscription for ip address:  66.249.75.142
***** Starting Annals Of Psychoceramics B Server at 2013-08-17 16:52:07 UTC UTC *******
***** Starting Annals Of Psychoceramics B Server at 2013-08-17 16:52:08 UTC UTC *******
***** Starting Annals Of Psychoceramics B Server at 2013-08-17 16:52:10 UTC UTC *******
***** Starting Annals Of Psychoceramics B Server at 2013-08-17 16:52:12 UTC UTC *******
***** Starting Annals Of Psychoceramics B Server at 2013-08-17 16:52:33 UTC UTC *******
***** Starting Annals Of Psychoceramics B Server at 2013-08-17 16:52:44 UTC UTC *******
***** Starting Annals Of Psychoceramics B Server at 2013-08-17 16:53:29 UTC UTC *******
***** Starting Annals Of Psychoceramics B Server at 2013-08-17 16:53:50 UTC UTC *******
***** Starting Annals Of Psychoceramics B Server at 2013-08-17 23:29:48 UTC UTC *******
***** Starting Annals Of Psychoceramics B Server at 2013-08-17 23:29:49 UTC UTC *******
***** Starting Annals Of Psychoceramics B Server at 2013-08-18 07:07:23 UTC UTC *******
***** Starting Annals Of Psychoceramics B Server at 2013-08-18 07:29:24 UTC UTC *******
***** Starting Annals Of Psychoceramics B Server at 2013-08-19 12:04:26 UTC UTC *******
***** Starting Annals Of Psychoceramics B Server at 2013-08-19 12:11:28 UTC UTC *******
***** Starting Annals Of Psychoceramics B Server at 2013-08-19 14:05:32 UTC UTC *******
***** Starting Annals Of Psychoceramics B Server at 2013-08-19 17:24:36 UTC UTC *******
***** Starting Annals Of Psychoceramics B Server at 2013-08-19 19:26:24 UTC UTC *******
***** Starting Annals Of Psychoceramics B Server at 2013-08-19 21:37:57 UTC UTC *******
***** Starting Annals Of Psychoceramics B Server at 2013-08-20 08:14:03 UTC UTC *******
***** Starting Annals Of Psychoceramics B Server at 2013-08-20 08:14:04 UTC UTC *******
***** Starting Annals Of Psychoceramics B Server at 2013-08-22 12:27:45 UTC UTC *******
***** Starting Annals Of Psychoceramics B Server at 2013-08-22 12:27:47 UTC UTC *******
***** Starting Annals Of Psychoceramics B Server at 2013-08-22 12:37:09 UTC UTC *******
***** Starting Annals Of Psychoceramics B Server at 2013-08-23 00:48:53 UTC UTC *******
***** Starting Annals Of Psychoceramics B Server at 2013-08-25 10:51:31 UTC UTC *******
***** Starting Annals Of Psychoceramics B Server at 2013-08-25 10:51:32 UTC UTC *******
***** Starting Annals Of Psychoceramics B Server at 2013-08-25 14:20:10 UTC UTC *******
***** Starting Annals Of Psychoceramics B Server at 2013-08-25 20:02:39 UTC UTC *******
***** Starting Annals Of Psychoceramics B Server at 2013-08-26 12:06:23 UTC UTC *******
***** Starting Annals Of Psychoceramics B Server at 2013-08-26 12:06:24 UTC UTC *******
***** Starting Annals Of Psychoceramics B Server at 2013-08-26 12:06:41 UTC UTC *******
***** Starting Annals Of Psychoceramics B Server at 2013-08-26 19:58:45 UTC UTC *******
***** Starting Annals Of Psychoceramics B Server at 2013-08-27 03:24:39 UTC UTC *******
***** Starting Annals Of Psychoceramics B Server at 2013-08-27 03:24:41 UTC UTC *******
***** Starting Annals Of Psychoceramics B Server at 2013-08-27 08:50:07 UTC UTC *******
***** Starting Annals Of Psychoceramics B Server at 2013-08-27 08:50:08 UTC UTC *******
***** Starting Annals Of Psychoceramics B Server at 2013-08-28 10:09:20 UTC UTC *******
***** Starting Annals Of Psychoceramics B Server at 2013-08-28 10:09:21 UTC UTC *******
***** Starting Annals Of Psychoceramics B Server at 2013-08-28 22:36:20 UTC UTC *******
***** Starting Annals Of Psychoceramics B Server at 2013-08-28 22:36:21 UTC UTC *******
***** Starting Annals Of Psychoceramics B Server at 2013-08-30 02:26:19 UTC UTC *******
***** Starting Annals Of Psychoceramics B Server at 2013-08-30 02:26:20 UTC UTC *******
***** Starting Annals Of Psychoceramics B Server at 2013-08-30 03:02:36 UTC UTC *******
***** Starting Annals Of Psychoceramics B Server at 2013-08-30 03:02:43 UTC UTC *******
***** Starting Annals Of Psychoceramics B Server at 2013-08-30 18:46:29 UTC UTC *******
***** Starting Annals Of Psychoceramics B Server at 2013-08-30 18:46:30 UTC UTC *******
***** Starting Annals Of Psychoceramics B Server at 2013-08-30 18:46:32 UTC UTC *******
***** Starting Annals Of Psychoceramics B Server at 2013-08-31 01:32:22 UTC UTC *******
***** Starting Annals Of Psychoceramics B Server at 2013-08-31 01:32:23 UTC UTC *******
checking subscription for ip address:  66.249.75.78
***** Starting Annals Of Psychoceramics B Server at 2013-08-31 09:55:51 UTC UTC *******
checking subscription for ip address:  66.249.75.78
***** Starting Annals Of Psychoceramics B Server at 2013-08-31 13:06:45 UTC UTC *******
***** Starting Annals Of Psychoceramics B Server at 2013-08-31 13:06:47 UTC UTC *******
checking subscription for ip address:  66.249.73.206
***** Starting Annals Of Psychoceramics B Server at 2013-08-31 21:22:46 UTC UTC *******
***** Starting Annals Of Psychoceramics B Server at 2013-08-31 21:22:47 UTC UTC *******
checking subscription for ip address:  66.249.73.206
***** Starting Annals Of Psychoceramics B Server at 2013-09-01 01:17:03 UTC UTC *******
checking subscription for ip address:  66.249.73.206
***** Starting Annals Of Psychoceramics B Server at 2013-09-01 04:18:31 UTC UTC *******
***** Starting Annals Of Psychoceramics B Server at 2013-09-01 04:18:32 UTC UTC *******
***** Starting Annals Of Psychoceramics B Server at 2013-09-01 13:30:21 UTC UTC *******
***** Starting Annals Of Psychoceramics B Server at 2013-09-01 23:41:23 UTC UTC *******
***** Starting Annals Of Psychoceramics B Server at 2013-09-02 07:47:38 UTC UTC *******
***** Starting Annals Of Psychoceramics B Server at 2013-09-02 07:47:39 UTC UTC *******
checking subscription for ip address:  66.249.73.206
***** Starting Annals Of Psychoceramics B Server at 2013-09-02 16:58:21 UTC UTC *******
checking subscription for ip address:  66.249.73.206
***** Starting Annals Of Psychoceramics B Server at 2013-09-03 01:07:33 UTC UTC *******
***** Starting Annals Of Psychoceramics B Server at 2013-09-03 01:07:35 UTC UTC *******
checking subscription for ip address:  66.249.73.206
***** Starting Annals Of Psychoceramics B Server at 2013-09-03 09:22:58 UTC UTC *******
checking subscription for ip address:  66.249.73.206
***** Starting Annals Of Psychoceramics B Server at 2013-09-03 14:43:42 UTC UTC *******
***** Starting Annals Of Psychoceramics B Server at 2013-09-03 14:43:43 UTC UTC *******
***** Starting Annals Of Psychoceramics B Server at 2013-09-04 09:31:01 UTC UTC *******
***** Starting Annals Of Psychoceramics B Server at 2013-09-04 12:22:24 UTC UTC *******
***** Starting Annals Of Psychoceramics B Server at 2013-09-04 12:35:00 UTC UTC *******
***** Starting Annals Of Psychoceramics B Server at 2013-09-04 12:35:02 UTC UTC *******
checking subscription for ip address:  66.249.75.78
***** Starting Annals Of Psychoceramics B Server at 2013-09-04 14:34:53 UTC UTC *******
***** Starting Annals Of Psychoceramics B Server at 2013-09-04 16:27:37 UTC UTC *******
***** Starting Annals Of Psychoceramics B Server at 2013-09-04 16:28:43 UTC UTC *******
***** Starting Annals Of Psychoceramics B Server at 2013-09-04 18:53:08 UTC UTC *******
***** Starting Annals Of Psychoceramics B Server at 2013-09-04 18:53:09 UTC UTC *******
checking subscription for ip address:  66.249.75.78
***** Starting Annals Of Psychoceramics B Server at 2013-09-05 03:36:05 UTC UTC *******
checking subscription for ip address:  66.249.75.78
***** Starting Annals Of Psychoceramics B Server at 2013-09-05 12:34:22 UTC UTC *******
***** Starting Annals Of Psychoceramics B Server at 2013-09-05 12:34:23 UTC UTC *******
checking subscription for ip address:  66.249.75.78
***** Starting Annals Of Psychoceramics B Server at 2013-09-05 18:13:29 UTC UTC *******
***** Starting Annals Of Psychoceramics B Server at 2013-09-05 22:36:14 UTC UTC *******
***** Starting Annals Of Psychoceramics B Server at 2013-09-05 23:09:43 UTC UTC *******
***** Starting Annals Of Psychoceramics B Server at 2013-09-06 11:03:45 UTC UTC *******
***** Starting Annals Of Psychoceramics B Server at 2013-09-06 11:03:47 UTC UTC *******
***** Starting Annals Of Psychoceramics B Server at 2013-09-06 21:14:38 UTC UTC *******
***** Starting Annals Of Psychoceramics B Server at 2013-09-06 22:06:38 UTC UTC *******
***** Starting Annals Of Psychoceramics B Server at 2013-09-06 23:18:30 UTC UTC *******
***** Starting Annals Of Psychoceramics B Server at 2013-09-06 23:18:31 UTC UTC *******
checking subscription for ip address:  66.249.75.78
***** Starting Annals Of Psychoceramics B Server at 2013-09-06 23:57:26 UTC UTC *******
***** Starting Annals Of Psychoceramics B Server at 2013-09-07 08:18:28 UTC UTC *******
***** Starting Annals Of Psychoceramics B Server at 2013-09-07 08:18:30 UTC UTC *******
checking subscription for ip address:  66.249.75.78
***** Starting Annals Of Psychoceramics B Server at 2013-09-07 12:07:59 UTC UTC *******
checking subscription for ip address:  66.249.75.78
***** Starting Annals Of Psychoceramics B Server at 2013-09-07 16:39:57 UTC UTC *******
checking subscription for ip address:  66.249.75.78
***** Starting Annals Of Psychoceramics B Server at 2013-09-07 19:42:07 UTC UTC *******
***** Starting Annals Of Psychoceramics B Server at 2013-09-07 20:31:09 UTC UTC *******
***** Starting Annals Of Psychoceramics B Server at 2013-09-07 20:31:10 UTC UTC *******
checking subscription for ip address:  66.249.75.78
***** Starting Annals Of Psychoceramics B Server at 2013-09-07 20:52:41 UTC UTC *******
***** Starting Annals Of Psychoceramics B Server at 2013-09-08 02:08:09 UTC UTC *******
checking subscription for ip address:  66.249.75.78
***** Starting Annals Of Psychoceramics B Server at 2013-09-08 10:40:49 UTC UTC *******
***** Starting Annals Of Psychoceramics B Server at 2013-09-08 18:33:33 UTC UTC *******
***** Starting Annals Of Psychoceramics B Server at 2013-09-08 18:50:27 UTC UTC *******
***** Starting Annals Of Psychoceramics B Server at 2013-09-08 23:34:04 UTC UTC *******
***** Starting Annals Of Psychoceramics B Server at 2013-09-08 23:34:05 UTC UTC *******
***** Starting Annals Of Psychoceramics B Server at 2013-09-09 12:06:28 UTC UTC *******
***** Starting Annals Of Psychoceramics B Server at 2013-09-10 02:54:02 UTC UTC *******
***** Starting Annals Of Psychoceramics B Server at 2013-09-11 04:38:16 UTC UTC *******
***** Starting Annals Of Psychoceramics B Server at 2013-09-11 05:25:09 UTC UTC *******
***** Starting Annals Of Psychoceramics B Server at 2013-09-11 12:02:10 UTC UTC *******
***** Starting Annals Of Psychoceramics B Server at 2013-09-11 12:02:11 UTC UTC *******
***** Starting Annals Of Psychoceramics B Server at 2013-09-11 13:02:16 UTC UTC *******
***** Starting Annals Of Psychoceramics B Server at 2013-09-11 18:24:57 UTC UTC *******
***** Starting Annals Of Psychoceramics B Server at 2013-09-12 15:57:03 UTC UTC *******
***** Starting Annals Of Psychoceramics B Server at 2013-09-12 15:57:04 UTC UTC *******
***** Starting Annals Of Psychoceramics B Server at 2013-09-12 21:40:32 UTC UTC *******
***** Starting Annals Of Psychoceramics B Server at 2013-09-13 22:24:32 UTC UTC *******
***** Starting Annals Of Psychoceramics B Server at 2013-09-13 22:24:33 UTC UTC *******
***** Starting Annals Of Psychoceramics B Server at 2013-09-15 06:45:58 UTC UTC *******
***** Starting Annals Of Psychoceramics B Server at 2013-09-15 21:11:18 UTC UTC *******
***** Starting Annals Of Psychoceramics B Server at 2013-09-15 21:45:07 UTC UTC *******
***** Starting Annals Of Psychoceramics B Server at 2013-09-16 07:26:51 UTC UTC *******
***** Starting Annals Of Psychoceramics B Server at 2013-09-16 07:26:52 UTC UTC *******
***** Starting Annals Of Psychoceramics B Server at 2013-09-16 14:39:34 UTC UTC *******
***** Starting Annals Of Psychoceramics B Server at 2013-09-16 16:34:00 UTC UTC *******
***** Starting Annals Of Psychoceramics B Server at 2013-09-16 16:34:01 UTC UTC *******
***** Starting Annals Of Psychoceramics B Server at 2013-09-16 16:34:02 UTC UTC *******
***** Starting Annals Of Psychoceramics B Server at 2013-09-17 00:39:46 UTC UTC *******
***** Starting Annals Of Psychoceramics B Server at 2013-09-17 00:39:47 UTC UTC *******
***** Starting Annals Of Psychoceramics B Server at 2013-09-17 01:03:20 UTC UTC *******
***** Starting Annals Of Psychoceramics B Server at 2013-09-17 01:22:54 UTC UTC *******
***** Starting Annals Of Psychoceramics B Server at 2013-09-17 01:40:32 UTC UTC *******
***** Starting Annals Of Psychoceramics B Server at 2013-09-17 03:40:58 UTC UTC *******
***** Starting Annals Of Psychoceramics B Server at 2013-09-17 15:23:29 UTC UTC *******
***** Starting Annals Of Psychoceramics B Server at 2013-09-18 09:14:55 UTC UTC *******
***** Starting Annals Of Psychoceramics B Server at 2013-09-18 09:14:56 UTC UTC *******
***** Starting Annals Of Psychoceramics B Server at 2013-09-18 17:19:54 UTC UTC *******
***** Starting Annals Of Psychoceramics B Server at 2013-09-18 19:57:48 UTC UTC *******
***** Starting Annals Of Psychoceramics B Server at 2013-09-21 01:05:50 UTC UTC *******
***** Starting Annals Of Psychoceramics B Server at 2013-09-21 01:05:51 UTC UTC *******
***** Starting Annals Of Psychoceramics B Server at 2013-09-23 01:58:50 UTC UTC *******
***** Starting Annals Of Psychoceramics B Server at 2013-09-23 01:58:51 UTC UTC *******
***** Starting Annals Of Psychoceramics B Server at 2013-09-23 10:25:52 UTC UTC *******
***** Starting Annals Of Psychoceramics B Server at 2013-09-23 10:25:54 UTC UTC *******
***** Starting Annals Of Psychoceramics B Server at 2013-09-24 09:15:58 UTC UTC *******
***** Starting Annals Of Psychoceramics B Server at 2013-09-24 09:16:00 UTC UTC *******
***** Starting Annals Of Psychoceramics B Server at 2013-09-25 11:22:01 UTC UTC *******
***** Starting Annals Of Psychoceramics B Server at 2013-09-25 11:22:02 UTC UTC *******
***** Starting Annals Of Psychoceramics B Server at 2013-09-25 11:22:03 UTC UTC *******
***** Starting Annals Of Psychoceramics B Server at 2013-09-26 02:25:17 UTC UTC *******
***** Starting Annals Of Psychoceramics B Server at 2013-09-26 02:25:18 UTC UTC *******
***** Starting Annals Of Psychoceramics B Server at 2013-09-26 11:14:58 UTC UTC *******
***** Starting Annals Of Psychoceramics B Server at 2013-09-26 11:14:59 UTC UTC *******
***** Starting Annals Of Psychoceramics B Server at 2013-09-26 13:53:56 UTC UTC *******
***** Starting Annals Of Psychoceramics B Server at 2013-09-26 21:32:05 UTC UTC *******
***** Starting Annals Of Psychoceramics B Server at 2013-09-27 11:06:07 UTC UTC *******
***** Starting Annals Of Psychoceramics B Server at 2013-09-27 12:25:45 UTC UTC *******
***** Starting Annals Of Psychoceramics B Server at 2013-09-27 12:26:21 UTC UTC *******
***** Starting Annals Of Psychoceramics B Server at 2013-09-27 13:29:33 UTC UTC *******
***** Starting Annals Of Psychoceramics B Server at 2013-09-28 08:53:52 UTC UTC *******
***** Starting Annals Of Psychoceramics B Server at 2013-09-28 08:53:54 UTC UTC *******
***** Starting Annals Of Psychoceramics B Server at 2013-09-28 16:27:34 UTC UTC *******
***** Starting Annals Of Psychoceramics B Server at 2013-09-28 16:27:35 UTC UTC *******
***** Starting Annals Of Psychoceramics B Server at 2013-09-30 09:16:59 UTC UTC *******
***** Starting Annals Of Psychoceramics B Server at 2013-10-01 00:31:07 UTC UTC *******
***** Starting Annals Of Psychoceramics B Server at 2013-10-01 00:31:09 UTC UTC *******
***** Starting Annals Of Psychoceramics B Server at 2013-10-01 06:41:23 UTC UTC *******
***** Starting Annals Of Psychoceramics B Server at 2013-10-01 11:03:26 UTC UTC *******
***** Starting Annals Of Psychoceramics B Server at 2013-10-01 11:03:28 UTC UTC *******
***** Starting Annals Of Psychoceramics B Server at 2013-10-01 11:51:47 UTC UTC *******
***** Starting Annals Of Psychoceramics B Server at 2013-10-02 00:30:57 UTC UTC *******
***** Starting Annals Of Psychoceramics B Server at 2013-10-02 00:30:59 UTC UTC *******
checking subscription for ip address:  66.249.75.78
***** Starting Annals Of Psychoceramics B Server at 2013-10-02 00:34:30 UTC UTC *******
***** Starting Annals Of Psychoceramics B Server at 2013-10-03 05:03:36 UTC UTC *******
***** Starting Annals Of Psychoceramics B Server at 2013-10-03 05:03:38 UTC UTC *******
***** Starting Annals Of Psychoceramics B Server at 2013-10-03 07:23:46 UTC UTC *******
***** Starting Annals Of Psychoceramics B Server at 2013-10-03 11:49:27 UTC UTC *******
***** Starting Annals Of Psychoceramics B Server at 2013-10-03 19:53:10 UTC UTC *******
***** Starting Annals Of Psychoceramics B Server at 2013-10-03 22:00:53 UTC UTC *******
***** Starting Annals Of Psychoceramics B Server at 2013-10-04 18:11:11 UTC UTC *******
***** Starting Annals Of Psychoceramics B Server at 2013-10-04 18:11:13 UTC UTC *******
***** Starting Annals Of Psychoceramics B Server at 2013-10-05 19:09:04 UTC UTC *******
***** Starting Annals Of Psychoceramics B Server at 2013-10-05 19:09:05 UTC UTC *******
***** Starting Annals Of Psychoceramics B Server at 2013-10-06 03:42:21 UTC UTC *******
***** Starting Annals Of Psychoceramics B Server at 2013-10-06 13:24:28 UTC UTC *******
checking subscription for ip address:  83.152.89.146
***** Starting Annals Of Psychoceramics B Server at 2013-10-06 13:44:27 UTC UTC *******
checking subscription for ip address:  83.152.89.146
***** Starting Annals Of Psychoceramics B Server at 2013-10-06 13:45:11 UTC UTC *******
checking subscription for ip address:  141.115.192.10
***** Starting Annals Of Psychoceramics B Server at 2013-10-07 13:35:11 UTC UTC *******
***** Starting Annals Of Psychoceramics B Server at 2013-10-07 22:57:46 UTC UTC *******
***** Starting Annals Of Psychoceramics B Server at 2013-10-07 22:57:47 UTC UTC *******
***** Starting Annals Of Psychoceramics B Server at 2013-10-08 03:46:39 UTC UTC *******
***** Starting Annals Of Psychoceramics B Server at 2013-10-08 10:54:03 UTC UTC *******
***** Starting Annals Of Psychoceramics B Server at 2013-10-08 11:11:12 UTC UTC *******
***** Starting Annals Of Psychoceramics B Server at 2013-10-09 13:01:30 UTC UTC *******
***** Starting Annals Of Psychoceramics B Server at 2013-10-09 16:26:51 UTC UTC *******
***** Starting Annals Of Psychoceramics B Server at 2013-10-10 16:10:07 UTC UTC *******
***** Starting Annals Of Psychoceramics B Server at 2013-10-10 16:10:08 UTC UTC *******
***** Starting Annals Of Psychoceramics B Server at 2013-10-10 17:08:23 UTC UTC *******
***** Starting Annals Of Psychoceramics B Server at 2013-10-11 16:16:58 UTC UTC *******
***** Starting Annals Of Psychoceramics B Server at 2013-10-12 03:07:12 UTC UTC *******
***** Starting Annals Of Psychoceramics B Server at 2013-10-12 10:26:58 UTC UTC *******
***** Starting Annals Of Psychoceramics B Server at 2013-10-12 10:26:59 UTC UTC *******
***** Starting Annals Of Psychoceramics B Server at 2013-10-12 20:14:41 UTC UTC *******
***** Starting Annals Of Psychoceramics B Server at 2013-10-12 23:46:43 UTC UTC *******
***** Starting Annals Of Psychoceramics B Server at 2013-10-13 00:05:46 UTC UTC *******
***** Starting Annals Of Psychoceramics B Server at 2013-10-14 04:14:07 UTC UTC *******
***** Starting Annals Of Psychoceramics B Server at 2013-10-14 05:17:05 UTC UTC *******
***** Starting Annals Of Psychoceramics B Server at 2013-10-14 07:54:27 UTC UTC *******
***** Starting Annals Of Psychoceramics B Server at 2013-10-14 15:22:19 UTC UTC *******
***** Starting Annals Of Psychoceramics B Server at 2013-10-14 16:58:50 UTC UTC *******
***** Starting Annals Of Psychoceramics B Server at 2013-10-14 19:13:12 UTC UTC *******
***** Starting Annals Of Psychoceramics B Server at 2013-10-14 19:13:13 UTC UTC *******
***** Starting Annals Of Psychoceramics B Server at 2013-10-15 03:16:13 UTC UTC *******
***** Starting Annals Of Psychoceramics B Server at 2013-10-15 15:19:40 UTC UTC *******
***** Starting Annals Of Psychoceramics B Server at 2013-10-16 08:48:21 UTC UTC *******
***** Starting Annals Of Psychoceramics B Server at 2013-10-17 03:13:36 UTC UTC *******
***** Starting Annals Of Psychoceramics B Server at 2013-10-17 03:13:37 UTC UTC *******
***** Starting Annals Of Psychoceramics B Server at 2013-10-17 09:00:11 UTC UTC *******
***** Starting Annals Of Psychoceramics B Server at 2013-10-17 11:17:15 UTC UTC *******
***** Starting Annals Of Psychoceramics B Server at 2013-10-17 11:17:16 UTC UTC *******
***** Starting Annals Of Psychoceramics B Server at 2013-10-17 13:29:05 UTC UTC *******
***** Starting Annals Of Psychoceramics B Server at 2013-10-17 13:41:16 UTC UTC *******
***** Starting Annals Of Psychoceramics B Server at 2013-10-17 13:41:18 UTC UTC *******
***** Starting Annals Of Psychoceramics B Server at 2013-10-17 13:41:22 UTC UTC *******
***** Starting Annals Of Psychoceramics B Server at 2013-10-17 13:41:34 UTC UTC *******
***** Starting Annals Of Psychoceramics B Server at 2013-10-17 18:54:12 UTC UTC *******
***** Starting Annals Of Psychoceramics B Server at 2013-10-18 18:48:21 UTC UTC *******
***** Starting Annals Of Psychoceramics B Server at 2013-10-19 12:29:51 UTC UTC *******
***** Starting Annals Of Psychoceramics B Server at 2013-10-19 12:29:52 UTC UTC *******
***** Starting Annals Of Psychoceramics B Server at 2013-10-21 06:02:22 UTC UTC *******
***** Starting Annals Of Psychoceramics B Server at 2013-10-21 20:08:01 UTC UTC *******
***** Starting Annals Of Psychoceramics B Server at 2013-10-21 20:08:03 UTC UTC *******
***** Starting Annals Of Psychoceramics B Server at 2013-10-23 13:02:11 UTC UTC *******
***** Starting Annals Of Psychoceramics B Server at 2013-10-23 18:24:00 UTC UTC *******
***** Starting Annals Of Psychoceramics B Server at 2013-10-23 18:24:02 UTC UTC *******
***** Starting Annals Of Psychoceramics B Server at 2013-10-23 19:07:05 UTC UTC *******
***** Starting Annals Of Psychoceramics B Server at 2013-10-23 19:40:25 UTC UTC *******
***** Starting Annals Of Psychoceramics B Server at 2013-10-24 02:25:05 UTC UTC *******
***** Starting Annals Of Psychoceramics B Server at 2013-10-24 16:27:06 UTC UTC *******
***** Starting Annals Of Psychoceramics B Server at 2013-10-24 19:22:30 UTC UTC *******
***** Starting Annals Of Psychoceramics B Server at 2013-10-25 13:29:26 UTC UTC *******
***** Starting Annals Of Psychoceramics B Server at 2013-10-25 13:51:53 UTC UTC *******
***** Starting Annals Of Psychoceramics B Server at 2013-10-25 13:51:54 UTC UTC *******
***** Starting Annals Of Psychoceramics B Server at 2013-10-26 07:08:59 UTC UTC *******
***** Starting Annals Of Psychoceramics B Server at 2013-10-26 09:51:26 UTC UTC *******
***** Starting Annals Of Psychoceramics B Server at 2013-10-27 00:51:48 UTC UTC *******
***** Starting Annals Of Psychoceramics B Server at 2013-10-27 00:51:50 UTC UTC *******
***** Starting Annals Of Psychoceramics B Server at 2013-10-27 12:14:15 UTC UTC *******
***** Starting Annals Of Psychoceramics B Server at 2013-10-27 14:44:34 UTC UTC *******
***** Starting Annals Of Psychoceramics B Server at 2013-10-27 14:44:35 UTC UTC *******
***** Starting Annals Of Psychoceramics B Server at 2013-10-27 14:44:36 UTC UTC *******
***** Starting Annals Of Psychoceramics B Server at 2013-10-27 21:31:32 UTC UTC *******
***** Starting Annals Of Psychoceramics B Server at 2013-10-27 21:31:33 UTC UTC *******
***** Starting Annals Of Psychoceramics B Server at 2013-10-28 01:20:09 UTC UTC *******
***** Starting Annals Of Psychoceramics B Server at 2013-10-28 06:25:41 UTC UTC *******
***** Starting Annals Of Psychoceramics B Server at 2013-10-28 09:03:39 UTC UTC *******
***** Starting Annals Of Psychoceramics B Server at 2013-10-28 10:46:04 UTC UTC *******
***** Starting Annals Of Psychoceramics B Server at 2013-10-28 10:46:09 UTC UTC *******
***** Starting Annals Of Psychoceramics B Server at 2013-10-28 16:07:22 UTC UTC *******
checking subscription for ip address:  180.76.5.28
***** Starting Annals Of Psychoceramics B Server at 2013-10-28 16:52:49 UTC UTC *******
***** Starting Annals Of Psychoceramics B Server at 2013-10-28 17:47:58 UTC UTC *******
***** Starting Annals Of Psychoceramics B Server at 2013-10-28 17:47:59 UTC UTC *******
***** Starting Annals Of Psychoceramics B Server at 2013-10-29 14:45:20 UTC UTC *******
***** Starting Annals Of Psychoceramics B Server at 2013-10-29 14:45:21 UTC UTC *******
***** Starting Annals Of Psychoceramics B Server at 2013-10-29 19:56:43 UTC UTC *******
***** Starting Annals Of Psychoceramics B Server at 2013-10-30 00:59:04 UTC UTC *******
***** Starting Annals Of Psychoceramics B Server at 2013-10-30 09:47:54 UTC UTC *******
***** Starting Annals Of Psychoceramics B Server at 2013-10-30 09:47:55 UTC UTC *******
***** Starting Annals Of Psychoceramics B Server at 2013-10-30 17:19:40 UTC UTC *******
***** Starting Annals Of Psychoceramics B Server at 2013-10-30 17:22:56 UTC UTC *******
***** Starting Annals Of Psychoceramics B Server at 2013-10-31 04:26:06 UTC UTC *******
***** Starting Annals Of Psychoceramics B Server at 2013-10-31 05:09:28 UTC UTC *******
***** Starting Annals Of Psychoceramics B Server at 2013-10-31 08:10:38 UTC UTC *******
***** Starting Annals Of Psychoceramics B Server at 2013-10-31 08:10:40 UTC UTC *******
***** Starting Annals Of Psychoceramics B Server at 2013-10-31 08:10:41 UTC UTC *******
***** Starting Annals Of Psychoceramics B Server at 2013-10-31 18:49:11 UTC UTC *******
***** Starting Annals Of Psychoceramics B Server at 2013-10-31 18:49:36 UTC UTC *******
***** Starting Annals Of Psychoceramics B Server at 2013-11-01 09:52:14 UTC UTC *******
***** Starting Annals Of Psychoceramics B Server at 2013-11-01 16:13:56 UTC UTC *******
checking subscription for ip address:  180.76.5.159
***** Starting Annals Of Psychoceramics B Server at 2013-11-01 16:28:56 UTC UTC *******
***** Starting Annals Of Psychoceramics B Server at 2013-11-01 18:49:51 UTC UTC *******
***** Starting Annals Of Psychoceramics B Server at 2013-11-01 18:49:59 UTC UTC *******
***** Starting Annals Of Psychoceramics B Server at 2013-11-02 01:10:12 UTC UTC *******
***** Starting Annals Of Psychoceramics B Server at 2013-11-02 01:10:15 UTC UTC *******
***** Starting Annals Of Psychoceramics B Server at 2013-11-02 01:10:16 UTC UTC *******
***** Starting Annals Of Psychoceramics B Server at 2013-11-02 01:10:17 UTC UTC *******
***** Starting Annals Of Psychoceramics B Server at 2013-11-02 01:10:18 UTC UTC *******
***** Starting Annals Of Psychoceramics B Server at 2013-11-02 10:53:30 UTC UTC *******
***** Starting Annals Of Psychoceramics B Server at 2013-11-02 15:08:32 UTC UTC *******
***** Starting Annals Of Psychoceramics B Server at 2013-11-02 15:08:34 UTC UTC *******
***** Starting Annals Of Psychoceramics B Server at 2013-11-03 05:47:52 UTC UTC *******
***** Starting Annals Of Psychoceramics B Server at 2013-11-03 12:30:45 UTC UTC *******
***** Starting Annals Of Psychoceramics B Server at 2013-11-03 12:30:54 UTC UTC *******
***** Starting Annals Of Psychoceramics B Server at 2013-11-03 18:31:14 UTC UTC *******
***** Starting Annals Of Psychoceramics B Server at 2013-11-03 18:31:18 UTC UTC *******
***** Starting Annals Of Psychoceramics B Server at 2013-11-04 04:32:29 UTC UTC *******
***** Starting Annals Of Psychoceramics B Server at 2013-11-04 04:32:38 UTC UTC *******
***** Starting Annals Of Psychoceramics B Server at 2013-11-04 13:27:17 UTC UTC *******
***** Starting Annals Of Psychoceramics B Server at 2013-11-04 17:00:10 UTC UTC *******
***** Starting Annals Of Psychoceramics B Server at 2013-11-04 18:24:46 UTC UTC *******
***** Starting Annals Of Psychoceramics B Server at 2013-11-04 18:24:55 UTC UTC *******
***** Starting Annals Of Psychoceramics B Server at 2013-11-05 16:21:55 UTC UTC *******
checking subscription for ip address:  180.76.5.199
***** Starting Annals Of Psychoceramics B Server at 2013-11-05 17:07:30 UTC UTC *******
***** Starting Annals Of Psychoceramics B Server at 2013-11-06 09:59:10 UTC UTC *******
***** Starting Annals Of Psychoceramics B Server at 2013-11-06 09:59:11 UTC UTC *******
***** Starting Annals Of Psychoceramics B Server at 2013-11-06 21:52:25 UTC UTC *******
***** Starting Annals Of Psychoceramics B Server at 2013-11-06 21:52:26 UTC UTC *******
***** Starting Annals Of Psychoceramics B Server at 2013-11-07 01:35:51 UTC UTC *******
checking subscription for ip address:  202.46.62.125
***** Starting Annals Of Psychoceramics B Server at 2013-11-07 14:19:59 UTC UTC *******
***** Starting Annals Of Psychoceramics B Server at 2013-11-07 19:47:56 UTC UTC *******
***** Starting Annals Of Psychoceramics B Server at 2013-11-08 04:48:20 UTC UTC *******
***** Starting Annals Of Psychoceramics B Server at 2013-11-08 04:48:50 UTC UTC *******
***** Starting Annals Of Psychoceramics B Server at 2013-11-09 04:48:19 UTC UTC *******
***** Starting Annals Of Psychoceramics B Server at 2013-11-09 04:48:38 UTC UTC *******
***** Starting Annals Of Psychoceramics B Server at 2013-11-09 04:53:25 UTC UTC *******
***** Starting Annals Of Psychoceramics B Server at 2013-11-09 04:53:26 UTC UTC *******
***** Starting Annals Of Psychoceramics B Server at 2013-11-09 04:53:28 UTC UTC *******
***** Starting Annals Of Psychoceramics B Server at 2013-11-09 04:53:29 UTC UTC *******
***** Starting Annals Of Psychoceramics B Server at 2013-11-09 04:53:31 UTC UTC *******
***** Starting Annals Of Psychoceramics B Server at 2013-11-09 04:53:33 UTC UTC *******
***** Starting Annals Of Psychoceramics B Server at 2013-11-09 04:53:34 UTC UTC *******
***** Starting Annals Of Psychoceramics B Server at 2013-11-09 04:53:36 UTC UTC *******
***** Starting Annals Of Psychoceramics B Server at 2013-11-09 04:53:38 UTC UTC *******
***** Starting Annals Of Psychoceramics B Server at 2013-11-09 04:53:39 UTC UTC *******
***** Starting Annals Of Psychoceramics B Server at 2013-11-10 04:48:14 UTC UTC *******
***** Starting Annals Of Psychoceramics B Server at 2013-11-10 04:48:20 UTC UTC *******
***** Starting Annals Of Psychoceramics B Server at 2013-11-10 09:15:19 UTC UTC *******
***** Starting Annals Of Psychoceramics B Server at 2013-11-10 16:26:30 UTC UTC *******
***** Starting Annals Of Psychoceramics B Server at 2013-11-10 16:30:06 UTC UTC *******
***** Starting Annals Of Psychoceramics B Server at 2013-11-11 01:03:56 UTC UTC *******
***** Starting Annals Of Psychoceramics B Server at 2013-11-11 04:49:06 UTC UTC *******
***** Starting Annals Of Psychoceramics B Server at 2013-11-11 04:49:21 UTC UTC *******
***** Starting Annals Of Psychoceramics B Server at 2013-11-11 11:59:27 UTC UTC *******
***** Starting Annals Of Psychoceramics B Server at 2013-11-11 19:04:13 UTC UTC *******
***** Starting Annals Of Psychoceramics B Server at 2013-11-12 02:32:10 UTC UTC *******
***** Starting Annals Of Psychoceramics B Server at 2013-11-12 02:32:13 UTC UTC *******
***** Starting Annals Of Psychoceramics B Server at 2013-11-12 02:32:17 UTC UTC *******
***** Starting Annals Of Psychoceramics B Server at 2013-11-12 02:32:22 UTC UTC *******
***** Starting Annals Of Psychoceramics B Server at 2013-11-12 11:06:58 UTC UTC *******
***** Starting Annals Of Psychoceramics B Server at 2013-11-12 11:17:57 UTC UTC *******
***** Starting Annals Of Psychoceramics B Server at 2013-11-13 04:49:25 UTC UTC *******
***** Starting Annals Of Psychoceramics B Server at 2013-11-13 04:49:44 UTC UTC *******
***** Starting Annals Of Psychoceramics B Server at 2013-11-13 19:44:06 UTC UTC *******
***** Starting Annals Of Psychoceramics B Server at 2013-11-13 19:44:07 UTC UTC *******
***** Starting Annals Of Psychoceramics B Server at 2013-11-13 19:44:09 UTC UTC *******
***** Starting Annals Of Psychoceramics B Server at 2013-11-14 04:22:56 UTC UTC *******
***** Starting Annals Of Psychoceramics B Server at 2013-11-14 04:44:53 UTC UTC *******
***** Starting Annals Of Psychoceramics B Server at 2013-11-14 08:15:56 UTC UTC *******
***** Starting Annals Of Psychoceramics B Server at 2013-11-14 12:50:15 UTC UTC *******
***** Starting Annals Of Psychoceramics B Server at 2013-11-14 12:50:29 UTC UTC *******
***** Starting Annals Of Psychoceramics B Server at 2013-11-14 16:26:43 UTC UTC *******
***** Starting Annals Of Psychoceramics B Server at 2013-11-14 17:35:37 UTC UTC *******
***** Starting Annals Of Psychoceramics B Server at 2013-11-14 18:50:51 UTC UTC *******
***** Starting Annals Of Psychoceramics B Server at 2013-11-14 18:51:12 UTC UTC *******
***** Starting Annals Of Psychoceramics B Server at 2013-11-17 02:30:41 UTC UTC *******
***** Starting Annals Of Psychoceramics B Server at 2013-11-17 02:30:42 UTC UTC *******
***** Starting Annals Of Psychoceramics B Server at 2013-11-17 03:36:05 UTC UTC *******
***** Starting Annals Of Psychoceramics B Server at 2013-11-17 07:01:15 UTC UTC *******
***** Starting Annals Of Psychoceramics B Server at 2013-11-18 17:07:45 UTC UTC *******
***** Starting Annals Of Psychoceramics B Server at 2013-11-18 19:37:06 UTC UTC *******
***** Starting Annals Of Psychoceramics B Server at 2013-11-21 01:36:30 UTC UTC *******
***** Starting Annals Of Psychoceramics B Server at 2013-11-21 17:43:41 UTC UTC *******
***** Starting Annals Of Psychoceramics B Server at 2013-11-21 17:43:42 UTC UTC *******
***** Starting Annals Of Psychoceramics B Server at 2013-11-21 17:43:43 UTC UTC *******
***** Starting Annals Of Psychoceramics B Server at 2013-11-21 17:43:54 UTC UTC *******
***** Starting Annals Of Psychoceramics B Server at 2013-11-22 11:41:21 UTC UTC *******
***** Starting Annals Of Psychoceramics B Server at 2013-11-22 11:41:22 UTC UTC *******
***** Starting Annals Of Psychoceramics B Server at 2013-11-22 11:41:24 UTC UTC *******
***** Starting Annals Of Psychoceramics B Server at 2013-11-22 11:41:26 UTC UTC *******
***** Starting Annals Of Psychoceramics B Server at 2013-11-22 11:41:28 UTC UTC *******
***** Starting Annals Of Psychoceramics B Server at 2013-11-22 11:41:29 UTC UTC *******
***** Starting Annals Of Psychoceramics B Server at 2013-11-22 12:01:32 UTC UTC *******
***** Starting Annals Of Psychoceramics B Server at 2013-11-22 16:11:38 UTC UTC *******
***** Starting Annals Of Psychoceramics B Server at 2013-11-23 02:33:43 UTC UTC *******
***** Starting Annals Of Psychoceramics B Server at 2013-11-23 02:33:44 UTC UTC *******
***** Starting Annals Of Psychoceramics B Server at 2013-11-23 02:34:12 UTC UTC *******
***** Starting Annals Of Psychoceramics B Server at 2013-11-23 02:34:42 UTC UTC *******
***** Starting Annals Of Psychoceramics B Server at 2013-11-23 12:51:08 UTC UTC *******
***** Starting Annals Of Psychoceramics B Server at 2013-11-23 13:46:55 UTC UTC *******
***** Starting Annals Of Psychoceramics B Server at 2013-11-24 21:08:37 UTC UTC *******
